{"E:\\git\\study\\node\\lesson\\lesson6\\test\\main.test.js":{"path":"E:\\git\\study\\node\\lesson\\lesson6\\test\\main.test.js","s":{"1":1,"2":1,"3":1,"4":0,"5":0,"6":0,"7":0,"8":0,"9":0,"10":0,"11":0,"12":0,"13":0,"14":0,"15":0,"16":0,"17":0,"18":0},"b":{},"f":{"1":0,"2":0,"3":0,"4":0,"5":0,"6":0,"7":0,"8":0,"9":0,"10":0},"fnMap":{"1":{"name":"(anonymous_1)","line":5,"loc":{"start":{"line":5,"column":29},"end":{"line":5,"column":39}}},"2":{"name":"(anonymous_2)","line":6,"loc":{"start":{"line":6,"column":32},"end":{"line":6,"column":42}}},"3":{"name":"(anonymous_3)","line":9,"loc":{"start":{"line":9,"column":32},"end":{"line":9,"column":42}}},"4":{"name":"(anonymous_4)","line":12,"loc":{"start":{"line":12,"column":34},"end":{"line":12,"column":44}}},"5":{"name":"(anonymous_5)","line":15,"loc":{"start":{"line":15,"column":29},"end":{"line":15,"column":39}}},"6":{"name":"(anonymous_6)","line":16,"loc":{"start":{"line":16,"column":3},"end":{"line":16,"column":13}}},"7":{"name":"(anonymous_7)","line":20,"loc":{"start":{"line":20,"column":28},"end":{"line":20,"column":38}}},"8":{"name":"(anonymous_8)","line":21,"loc":{"start":{"line":21,"column":3},"end":{"line":21,"column":13}}},"9":{"name":"(anonymous_9)","line":25,"loc":{"start":{"line":25,"column":38},"end":{"line":25,"column":48}}},"10":{"name":"(anonymous_10)","line":26,"loc":{"start":{"line":26,"column":3},"end":{"line":26,"column":13}}}},"statementMap":{"1":{"start":{"line":2,"column":0},"end":{"line":2,"column":28}},"2":{"start":{"line":3,"column":0},"end":{"line":3,"column":29}},"3":{"start":{"line":5,"column":0},"end":{"line":30,"column":3}},"4":{"start":{"line":6,"column":1},"end":{"line":8,"column":4}},"5":{"start":{"line":7,"column":2},"end":{"line":7,"column":36}},"6":{"start":{"line":9,"column":1},"end":{"line":11,"column":4}},"7":{"start":{"line":10,"column":2},"end":{"line":10,"column":36}},"8":{"start":{"line":12,"column":1},"end":{"line":14,"column":4}},"9":{"start":{"line":13,"column":2},"end":{"line":13,"column":38}},"10":{"start":{"line":15,"column":1},"end":{"line":19,"column":4}},"11":{"start":{"line":16,"column":2},"end":{"line":18,"column":34}},"12":{"start":{"line":17,"column":3},"end":{"line":17,"column":22}},"13":{"start":{"line":20,"column":1},"end":{"line":24,"column":4}},"14":{"start":{"line":21,"column":2},"end":{"line":23,"column":33}},"15":{"start":{"line":22,"column":3},"end":{"line":22,"column":22}},"16":{"start":{"line":25,"column":1},"end":{"line":29,"column":4}},"17":{"start":{"line":26,"column":2},"end":{"line":28,"column":42}},"18":{"start":{"line":27,"column":3},"end":{"line":27,"column":24}}},"branchMap":{}}}